<?xml version="1.0" encoding="UTF-8"?>
<testng-results ignored="0" total="5" passed="5" failed="0" skipped="0">
  <reporter-output>
  </reporter-output>
  <suite started-at="2024-01-19T18:40:57 CET" name="Default suite" finished-at="2024-01-19T18:42:14 CET" duration-ms="76756">
    <groups>
      <group name="cucumber">
        <method signature="AbstractTestNGCucumberTests.runScenario(io.cucumber.testng.PickleWrapper,io.cucumber.testng.FeatureWrapper)[pri:0, instance:RunAllTest@5e2c3d18]" name="runScenario" class="io.cucumber.testng.AbstractTestNGCucumberTests"/>
      </group> <!-- cucumber -->
    </groups>
    <test started-at="2024-01-19T18:40:57 CET" name="Default test" finished-at="2024-01-19T18:42:14 CET" duration-ms="76756">
      <class name="RunAllTest">
        <test-method is-config="true" signature="setUpClass(org.testng.ITestContext)[pri:0, instance:RunAllTest@5e2c3d18]" started-at="2024-01-19T18:40:57 CET" name="setUpClass" finished-at="2024-01-19T18:40:58 CET" duration-ms="176" status="PASS">
          <params>
            <param index="0">
              <value>
                <![CDATA[org.testng.TestRunner@2f236de0]]>
              </value>
            </param>
          </params>
          <reporter-output>
          </reporter-output>
        </test-method> <!-- setUpClass -->
        <test-method signature="runScenario(io.cucumber.testng.PickleWrapper,io.cucumber.testng.FeatureWrapper)[pri:0, instance:RunAllTest@5e2c3d18]" started-at="2024-01-19T18:40:58 CET" name="runScenario" description="Runs Cucumber Scenarios" data-provider="scenarios" finished-at="2024-01-19T18:41:24 CET" duration-ms="26509" status="PASS">
          <params>
            <param index="0">
              <value>
                <![CDATA["Access to a Course content"]]>
              </value>
            </param>
            <param index="1">
              <value>
                <![CDATA["accesCourse"]]>
              </value>
            </param>
          </params>
          <reporter-output>
          </reporter-output>
        </test-method> <!-- runScenario -->
        <test-method signature="runScenario(io.cucumber.testng.PickleWrapper,io.cucumber.testng.FeatureWrapper)[pri:0, instance:RunAllTest@5e2c3d18]" started-at="2024-01-19T18:41:24 CET" name="runScenario" description="Runs Cucumber Scenarios" data-provider="scenarios" finished-at="2024-01-19T18:41:26 CET" duration-ms="2325" status="PASS">
          <params>
            <param index="0">
              <value>
                <![CDATA["Show Courses"]]>
              </value>
            </param>
            <param index="1">
              <value>
                <![CDATA["Courses"]]>
              </value>
            </param>
          </params>
          <reporter-output>
          </reporter-output>
        </test-method> <!-- runScenario -->
        <test-method signature="runScenario(io.cucumber.testng.PickleWrapper,io.cucumber.testng.FeatureWrapper)[pri:0, instance:RunAllTest@5e2c3d18]" started-at="2024-01-19T18:41:26 CET" name="runScenario" description="Runs Cucumber Scenarios" data-provider="scenarios" finished-at="2024-01-19T18:41:44 CET" duration-ms="17541" status="PASS">
          <params>
            <param index="0">
              <value>
                <![CDATA["Deactivate notifications"]]>
              </value>
            </param>
            <param index="1">
              <value>
                <![CDATA["deactivateNotifications"]]>
              </value>
            </param>
          </params>
          <reporter-output>
          </reporter-output>
        </test-method> <!-- runScenario -->
        <test-method signature="runScenario(io.cucumber.testng.PickleWrapper,io.cucumber.testng.FeatureWrapper)[pri:0, instance:RunAllTest@5e2c3d18]" started-at="2024-01-19T18:41:44 CET" name="runScenario" description="Runs Cucumber Scenarios" data-provider="scenarios" finished-at="2024-01-19T18:42:00 CET" duration-ms="15885" status="PASS">
          <params>
            <param index="0">
              <value>
                <![CDATA["Edit user profile"]]>
              </value>
            </param>
            <param index="1">
              <value>
                <![CDATA["editProfile"]]>
              </value>
            </param>
          </params>
          <reporter-output>
          </reporter-output>
        </test-method> <!-- runScenario -->
        <test-method signature="runScenario(io.cucumber.testng.PickleWrapper,io.cucumber.testng.FeatureWrapper)[pri:0, instance:RunAllTest@5e2c3d18]" started-at="2024-01-19T18:42:00 CET" name="runScenario" description="Runs Cucumber Scenarios" data-provider="scenarios" finished-at="2024-01-19T18:42:14 CET" duration-ms="14270" status="PASS">
          <params>
            <param index="0">
              <value>
                <![CDATA["Sign In and then Sign Out"]]>
              </value>
            </param>
            <param index="1">
              <value>
                <![CDATA["signIn_signOut"]]>
              </value>
            </param>
          </params>
          <reporter-output>
          </reporter-output>
        </test-method> <!-- runScenario -->
        <test-method is-config="true" signature="tearDownClass()[pri:0, instance:RunAllTest@5e2c3d18]" started-at="2024-01-19T18:42:14 CET" name="tearDownClass" finished-at="2024-01-19T18:42:14 CET" duration-ms="1" status="PASS">
          <reporter-output>
          </reporter-output>
        </test-method> <!-- tearDownClass -->
      </class> <!-- RunAllTest -->
    </test> <!-- Default test -->
  </suite> <!-- Default suite -->
</testng-results>
